# JRE version: Java(TM) SE Runtime Environment (8.0_111-b14) (build 1.8.0_111-b14)
# Java VM: Java HotSpot(TM) 64-Bit Server VM (25.111-b14 mixed mode linux-amd64 compressed oops)
Heap:
 PSYoungGen      total 153600K, used 9098K [0x00000000f1000000, 0x00000000fb380000, 0x0000000100000000)
  eden space 140800K, 0% used [0x00000000f1000000,0x00000000f1000000,0x00000000f9980000)
  from space 12800K, 71% used [0x00000000f9980000,0x00000000fa262bb0,0x00000000fa600000)
  to   space 13312K, 0% used [0x00000000fa600000,0x00000000fa600000,0x00000000fb300000)
 ParOldGen       total 41984K, used 25756K [0x00000000d3000000, 0x00000000d5900000, 0x00000000f1000000)
  object space 41984K, 61% used [0x00000000d3000000,0x00000000d4927040,0x00000000d5900000)
 Metaspace       used 58432K, capacity 58720K, committed 59160K, reserved 1099776K
  class space    used 8720K, capacity 8835K, committed 8880K, reserved 1048576K
GC Heap History (10 events):
Event: 4.809 GC heap after
Heap after GC invocations=10 (full 1):
 PSYoungGen      total 101888K, used 6639K [0x00000000f1000000, 0x00000000f8400000, 0x0000000100000000)
  eden space 95232K, 0% used [0x00000000f1000000,0x00000000f1000000,0x00000000f6d00000)
  from space 6656K, 99% used [0x00000000f6d00000,0x00000000f737bd90,0x00000000f7380000)
  to   space 9216K, 0% used [0x00000000f7b00000,0x00000000f7b00000,0x00000000f8400000)
 ParOldGen       total 30208K, used 13856K [0x00000000d3000000, 0x00000000d4d80000, 0x00000000f1000000)
  object space 30208K, 45% used [0x00000000d3000000,0x00000000d3d882c8,0x00000000d4d80000)
 Metaspace       used 30750K, capacity 30992K, committed 31408K, reserved 1077248K
  class space    used 4413K, capacity 4500K, committed 4528K, reserved 1048576K
}
Event: 5.278 GC heap before
{Heap before GC invocations=11 (full 1):
 PSYoungGen      total 101888K, used 47249K [0x00000000f1000000, 0x00000000f8400000, 0x0000000100000000)
  eden space 95232K, 42% used [0x00000000f1000000,0x00000000f37a8738,0x00000000f6d00000)
  from space 6656K, 99% used [0x00000000f6d00000,0x00000000f737bd90,0x00000000f7380000)
  to   space 9216K, 0% used [0x00000000f7b00000,0x00000000f7b00000,0x00000000f8400000)
 ParOldGen       total 30208K, used 13856K [0x00000000d3000000, 0x00000000d4d80000, 0x00000000f1000000)
  object space 30208K, 45% used [0x00000000d3000000,0x00000000d3d882c8,0x00000000d4d80000)
 Metaspace       used 34787K, capacity 34978K, committed 35496K, reserved 1079296K
  class space    used 4964K, capacity 5015K, committed 5040K, reserved 1048576K
Event: 5.319 GC heap after
Heap after GC invocations=11 (full 1):
 PSYoungGen      total 108544K, used 9124K [0x00000000f1000000, 0x00000000fa900000, 0x0000000100000000)
  eden space 99328K, 0% used [0x00000000f1000000,0x00000000f1000000,0x00000000f7100000)
  from space 9216K, 99% used [0x00000000f7b00000,0x00000000f83e9098,0x00000000f8400000)
  to   space 10240K, 0% used [0x00000000f7100000,0x00000000f7100000,0x00000000f7b00000)
 ParOldGen       total 30208K, used 15460K [0x00000000d3000000, 0x00000000d4d80000, 0x00000000f1000000)
  object space 30208K, 51% used [0x00000000d3000000,0x00000000d3f190b0,0x00000000d4d80000)
 Metaspace       used 34787K, capacity 34978K, committed 35496K, reserved 1079296K
  class space    used 4964K, capacity 5015K, committed 5040K, reserved 1048576K
}
Event: 5.319 GC heap before
{Heap before GC invocations=12 (full 2):
 PSYoungGen      total 108544K, used 9124K [0x00000000f1000000, 0x00000000fa900000, 0x0000000100000000)
  eden space 99328K, 0% used [0x00000000f1000000,0x00000000f1000000,0x00000000f7100000)
  from space 9216K, 99% used [0x00000000f7b00000,0x00000000f83e9098,0x00000000f8400000)
  to   space 10240K, 0% used [0x00000000f7100000,0x00000000f7100000,0x00000000f7b00000)
 ParOldGen       total 30208K, used 15460K [0x00000000d3000000, 0x00000000d4d80000, 0x00000000f1000000)
  object space 30208K, 51% used [0x00000000d3000000,0x00000000d3f190b0,0x00000000d4d80000)
 Metaspace       used 34787K, capacity 34978K, committed 35496K, reserved 1079296K
  class space    used 4964K, capacity 5015K, committed 5040K, reserved 1048576K
Event: 5.358 GC heap after
Heap after GC invocations=12 (full 2):
 PSYoungGen      total 108544K, used 0K [0x00000000f1000000, 0x00000000fa900000, 0x0000000100000000)
  eden space 99328K, 0% used [0x00000000f1000000,0x00000000f1000000,0x00000000f7100000)
  from space 9216K, 0% used [0x00000000f7b00000,0x00000000f7b00000,0x00000000f8400000)
  to   space 10240K, 0% used [0x00000000f7100000,0x00000000f7100000,0x00000000f7b00000)
 ParOldGen       total 41984K, used 14538K [0x00000000d3000000, 0x00000000d5900000, 0x00000000f1000000)
  object space 41984K, 34% used [0x00000000d3000000,0x00000000d3e32890,0x00000000d5900000)
 Metaspace       used 34787K, capacity 34978K, committed 35496K, reserved 1079296K
  class space    used 4964K, capacity 5015K, committed 5040K, reserved 1048576K
}
Event: 6.775 GC heap before
{Heap before GC invocations=13 (full 2):
 PSYoungGen      total 108544K, used 99328K [0x00000000f1000000, 0x00000000fa900000, 0x0000000100000000)
  eden space 99328K, 100% used [0x00000000f1000000,0x00000000f7100000,0x00000000f7100000)
  from space 9216K, 0% used [0x00000000f7b00000,0x00000000f7b00000,0x00000000f8400000)
  to   space 10240K, 0% used [0x00000000f7100000,0x00000000f7100000,0x00000000f7b00000)
 ParOldGen       total 41984K, used 14538K [0x00000000d3000000, 0x00000000d5900000, 0x00000000f1000000)
  object space 41984K, 34% used [0x00000000d3000000,0x00000000d3e32890,0x00000000d5900000)
 Metaspace       used 45192K, capacity 45544K, committed 45864K, reserved 1089536K
  class space    used 6599K, capacity 6686K, committed 6704K, reserved 1048576K
Event: 6.787 GC heap after
Heap after GC invocations=13 (full 2):
 PSYoungGen      total 109568K, used 10223K [0x00000000f1000000, 0x00000000fb300000, 0x0000000100000000)
  eden space 99328K, 0% used [0x00000000f1000000,0x00000000f1000000,0x00000000f7100000)
  from space 10240K, 99% used [0x00000000f7100000,0x00000000f7afbee0,0x00000000f7b00000)
  to   space 13312K, 0% used [0x00000000fa600000,0x00000000fa600000,0x00000000fb300000)
 ParOldGen       total 41984K, used 18447K [0x00000000d3000000, 0x00000000d5900000, 0x00000000f1000000)
  object space 41984K, 43% used [0x00000000d3000000,0x00000000d4203ed0,0x00000000d5900000)
 Metaspace       used 45192K, capacity 45544K, committed 45864K, reserved 1089536K
  class space    used 6599K, capacity 6686K, committed 6704K, reserved 1048576K
}
Event: 7.416 GC heap before
{Heap before GC invocations=14 (full 2):
 PSYoungGen      total 109568K, used 109551K [0x00000000f1000000, 0x00000000fb300000, 0x0000000100000000)
  eden space 99328K, 100% used [0x00000000f1000000,0x00000000f7100000,0x00000000f7100000)
  from space 10240K, 99% used [0x00000000f7100000,0x00000000f7afbee0,0x00000000f7b00000)
  to   space 13312K, 0% used [0x00000000fa600000,0x00000000fa600000,0x00000000fb300000)
 ParOldGen       total 41984K, used 18447K [0x00000000d3000000, 0x00000000d5900000, 0x00000000f1000000)
  object space 41984K, 43% used [0x00000000d3000000,0x00000000d4203ed0,0x00000000d5900000)
 Metaspace       used 50400K, capacity 50772K, committed 51240K, reserved 1093632K
  class space    used 7512K, capacity 7616K, committed 7728K, reserved 1048576K
Event: 7.455 GC heap after
Heap after GC invocations=14 (full 2):
 PSYoungGen      total 154112K, used 7684K [0x00000000f1000000, 0x00000000fb380000, 0x0000000100000000)
  eden space 140800K, 0% used [0x00000000f1000000,0x00000000f1000000,0x00000000f9980000)
  from space 13312K, 57% used [0x00000000fa600000,0x00000000fad81030,0x00000000fb300000)
  to   space 12800K, 0% used [0x00000000f9980000,0x00000000f9980000,0x00000000fa600000)
 ParOldGen       total 41984K, used 24050K [0x00000000d3000000, 0x00000000d5900000, 0x00000000f1000000)
  object space 41984K, 57% used [0x00000000d3000000,0x00000000d477c948,0x00000000d5900000)
 Metaspace       used 50400K, capacity 50772K, committed 51240K, reserved 1093632K
  class space    used 7512K, capacity 7616K, committed 7728K, reserved 1048576K
}
Event: 8.618 GC heap before
{Heap before GC invocations=15 (full 2):
 PSYoungGen      total 154112K, used 137295K [0x00000000f1000000, 0x00000000fb380000, 0x0000000100000000)
  eden space 140800K, 92% used [0x00000000f1000000,0x00000000f8e92e80,0x00000000f9980000)
  from space 13312K, 57% used [0x00000000fa600000,0x00000000fad81030,0x00000000fb300000)
  to   space 12800K, 0% used [0x00000000f9980000,0x00000000f9980000,0x00000000fa600000)
 ParOldGen       total 41984K, used 24050K [0x00000000d3000000, 0x00000000d5900000, 0x00000000f1000000)
  object space 41984K, 57% used [0x00000000d3000000,0x00000000d477c948,0x00000000d5900000)
 Metaspace       used 58432K, capacity 58720K, committed 59160K, reserved 1099776K
  class space    used 8720K, capacity 8835K, committed 8880K, reserved 1048576K

